<?xml version="1.0" encoding="UTF-8"?>
<!-- Generated by org.testng.reporters.JUnitReportReporter -->
<testsuite hostname="sudhakar-PC" failures="0" tests="1" name="MercuryDemoTours1.DriverTest123" time="83.933" errors="0" timestamp="27 Jan 2019 01:59:58 GMT" skipped="0">
  <testcase classname="MercuryDemoTours1.DriverTest123" name="main" time="83.933"/>
</testsuite> <!-- MercuryDemoTours1.DriverTest123 -->
