<?xml version="1.0" encoding="UTF-8"?>
<!-- Generated by org.testng.reporters.JUnitReportReporter -->
<testsuite hostname="sudhakar-PC" failures="0" tests="1" name="Sudha2.Signinpage" time="22.796" errors="0" timestamp="21 Jan 2019 04:31:19 GMT" skipped="0">
  <testcase classname="Sudha2.Signinpage" name="allmethods" time="22.796"/>
</testsuite> <!-- Sudha2.Signinpage -->
