<?xml version="1.0" encoding="UTF-8"?>
<!-- Generated by org.testng.reporters.JUnitReportReporter -->
<testsuite hostname="sudhakar-PC" failures="0" tests="1" name="sudha5.passengers" time="243.052" errors="0" timestamp="23 Jan 2019 09:57:50 GMT" skipped="0">
  <testcase classname="sudha5.passengers" name="allMethods" time="243.052"/>
</testsuite> <!-- sudha5.passengers -->
