<?xml version="1.0" encoding="UTF-8"?>
<!-- Generated by org.testng.reporters.JUnitReportReporter -->
<testsuite hostname="Sudhakar-PC" failures="0" tests="1" name="DharmajaBasic1.Facebook" time="49.448" errors="0" timestamp="19 Apr 2019 11:03:27 GMT" skipped="0">
  <testcase classname="DharmajaBasic1.Facebook" name="b_verifyHomepageTitle" time="49.448"/>
</testsuite> <!-- DharmajaBasic1.Facebook -->
