<?xml version="1.0" encoding="UTF-8"?>
<!-- Generated by org.testng.reporters.JUnitReportReporter -->
<testsuite hostname="sudhakar-PC" failures="0" tests="3" name="DataProviderTest.Test2" time="35.271" errors="0" timestamp="23 Jan 2019 01:26:43 GMT" skipped="0">
  <testcase classname="DataProviderTest.Test2" name="Authentication1" time="15.590"/>
  <testcase classname="DataProviderTest.Test2" name="Authentication1" time="10.282"/>
  <testcase classname="DataProviderTest.Test2" name="Authentication1" time="9.399"/>
</testsuite> <!-- DataProviderTest.Test2 -->
