<?xml version="1.0" encoding="UTF-8"?>
<!-- Generated by org.testng.reporters.JUnitReportReporter -->
<testsuite hostname="sudhakar-PC" failures="0" tests="1" name="sudha5.flightpage1" time="41.144" errors="0" timestamp="23 Jan 2019 04:34:33 GMT" skipped="0">
  <testcase classname="sudha5.flightpage1" name="allMethods" time="41.144"/>
</testsuite> <!-- sudha5.flightpage1 -->
