<?xml version="1.0" encoding="UTF-8"?>
<!-- Generated by org.testng.reporters.JUnitReportReporter -->
<testsuite hostname="sudhakar-PC" failures="0" tests="5" name="DataProviderTest.Bubbly" time="0.046" errors="0" timestamp="17 Jan 2019 02:46:35 GMT" skipped="0">
  <testcase classname="DataProviderTest.Bubbly" name="Authentication1" time="0.007"/>
  <testcase classname="DataProviderTest.Bubbly" name="Authentication1" time="0.004"/>
  <testcase classname="DataProviderTest.Bubbly" name="Authentication1" time="0.019"/>
  <testcase classname="DataProviderTest.Bubbly" name="Authentication1" time="0.008"/>
  <testcase classname="DataProviderTest.Bubbly" name="Authentication1" time="0.008"/>
</testsuite> <!-- DataProviderTest.Bubbly -->
