<?xml version="1.0" encoding="UTF-8"?>
<!-- Generated by org.testng.reporters.JUnitReportReporter -->
<testsuite hostname="sudhakar-PC" failures="0" tests="1" name="subha.Facebook2" time="110.606" errors="0" timestamp="12 Jan 2019 15:20:34 GMT" skipped="0">
  <testcase classname="subha.Facebook2" name="callallMethods" time="110.606"/>
</testsuite> <!-- subha.Facebook2 -->
