<?xml version="1.0" encoding="UTF-8"?>
<!-- Generated by org.testng.reporters.JUnitReportReporter -->
<testsuite hostname="sudhakar-PC" failures="0" tests="3" name="DataProviderTest.Test3" time="63.207" errors="0" timestamp="23 Jan 2019 02:11:31 GMT" skipped="0">
  <testcase classname="DataProviderTest.Test3" name="Executeallmethods" time="37.201"/>
  <testcase classname="DataProviderTest.Test3" name="Executeallmethods" time="14.116"/>
  <testcase classname="DataProviderTest.Test3" name="Executeallmethods" time="11.890"/>
</testsuite> <!-- DataProviderTest.Test3 -->
