<?xml version="1.0" encoding="UTF-8"?>
<!-- Generated by org.testng.reporters.JUnitReportReporter -->
<testsuite hostname="sudhakar-PC" failures="0" tests="2" name="MercuryDemoTours1.CommonUtility2" time="70.035" errors="0" timestamp="27 Jan 2019 02:28:31 GMT" skipped="0">
  <testcase classname="MercuryDemoTours1.CommonUtility2" name="executSessionOne" time="34.392"/>
  <testcase classname="MercuryDemoTours1.CommonUtility2" name="executSessionTwo" time="35.643"/>
</testsuite> <!-- MercuryDemoTours1.CommonUtility2 -->
