<?xml version="1.0" encoding="UTF-8"?>
<!-- Generated by org.testng.reporters.JUnitReportReporter -->
<testsuite hostname="sudhakar-PC" failures="0" tests="2" name="MercuryDemoTours.DataProviderTest" time="0.053" errors="0" timestamp="14 Jan 2019 02:29:04 GMT" skipped="0">
  <testcase classname="MercuryDemoTours.DataProviderTest" name="test" time="0.004"/>
  <testcase classname="MercuryDemoTours.DataProviderTest" name="test" time="0.049"/>
</testsuite> <!-- MercuryDemoTours.DataProviderTest -->
