<?xml version="1.0" encoding="UTF-8"?>
<!-- Generated by org.testng.reporters.JUnitReportReporter -->
<testsuite hostname="sudhakar-PC" failures="0" tests="1" name="MercuryDemoTours.MercuryLoginPage" time="72.029" errors="0" timestamp="12 Jan 2019 15:12:11 GMT" skipped="0">
  <testcase classname="MercuryDemoTours.MercuryLoginPage" name="Allmethods" time="72.029"/>
</testsuite> <!-- MercuryDemoTours.MercuryLoginPage -->
