<?xml version="1.0" encoding="UTF-8"?>
<!-- Generated by org.testng.reporters.JUnitReportReporter -->
<testsuite hostname="sudhakar-PC" failures="0" tests="5" name="DataProviderTest.Test1" time="0.078" errors="0" timestamp="21 Jan 2019 04:29:18 GMT" skipped="0">
  <testcase classname="DataProviderTest.Test1" name="Authentication1" time="0.031"/>
  <testcase classname="DataProviderTest.Test1" name="Authentication1" time="0.015"/>
  <testcase classname="DataProviderTest.Test1" name="Authentication1" time="0.016"/>
  <testcase classname="DataProviderTest.Test1" name="Authentication1" time="0.000"/>
  <testcase classname="DataProviderTest.Test1" name="Authentication1" time="0.016"/>
</testsuite> <!-- DataProviderTest.Test1 -->
