<?xml version="1.0" encoding="UTF-8"?>
<!-- Generated by org.testng.reporters.JUnitReportReporter -->
<testsuite hostname="Sudhakar-PC" failures="0" tests="1" name="Jyothi.Facebook" time="23.851" errors="0" timestamp="26 Apr 2019 02:18:35 GMT" skipped="0">
  <testcase classname="Jyothi.Facebook" name="Login" time="23.851"/>
</testsuite> <!-- Jyothi.Facebook -->
