<?xml version="1.0" encoding="UTF-8"?>
<!-- Generated by org.testng.reporters.JUnitReportReporter -->
<testsuite hostname="sudhakar-PC" failures="0" tests="1" name="sudha5.mercury" time="19.976" errors="0" timestamp="22 Jan 2019 07:42:30 GMT" skipped="0">
  <testcase classname="sudha5.mercury" name="allMethods" time="19.976"/>
</testsuite> <!-- sudha5.mercury -->
