<?xml version="1.0" encoding="UTF-8"?>
<!-- Generated by org.testng.reporters.JUnitReportReporter -->
<testsuite hostname="sudhakar-PC" failures="0" tests="1" name="DataProviderTest.MercuryFlightFinderPage" time="68.800" errors="0" timestamp="24 Jan 2019 01:39:38 GMT" skipped="0">
  <testcase classname="DataProviderTest.MercuryFlightFinderPage" name="callallmethods" time="68.800"/>
</testsuite> <!-- DataProviderTest.MercuryFlightFinderPage -->
