<?xml version="1.0" encoding="UTF-8"?>
<!-- Generated by org.testng.reporters.JUnitReportReporter -->
<testsuite hostname="sudhakar-PC" failures="0" tests="1" name="MercuryData.Test6" time="112.277" errors="0" timestamp="27 Jan 2019 05:54:39 GMT" skipped="0">
  <testcase classname="MercuryData.Test6" name="DatadrivenTest" time="112.277"/>
</testsuite> <!-- MercuryData.Test6 -->
