<?xml version="1.0" encoding="UTF-8"?>
<!-- Generated by org.testng.reporters.JUnitReportReporter -->
<testsuite hostname="sudhakar-PC" failures="0" tests="1" name="Sudha2.AccountPage" time="47.431" errors="0" timestamp="21 Jan 2019 05:01:11 GMT" skipped="0">
  <testcase classname="Sudha2.AccountPage" name="allmethods" time="47.431"/>
</testsuite> <!-- Sudha2.AccountPage -->
