<?xml version="1.0" encoding="UTF-8"?>
<!-- Generated by org.testng.reporters.JUnitReportReporter -->
<testsuite hostname="sudhakar-PC" failures="0" tests="1" name="DemoMaven.Tets1" time="0.009" errors="0" timestamp="12 Jan 2019 14:51:19 GMT" skipped="0">
  <testcase classname="DemoMaven.Tets1" name="f" time="0.009"/>
</testsuite> <!-- DemoMaven.Tets1 -->
