<?xml version="1.0" encoding="UTF-8"?>
<!-- Generated by org.testng.reporters.JUnitReportReporter -->
<testsuite hostname="sudhakar-PC" failures="0" tests="1" name="MercuryDemoTours.Bubbly" time="13.807" errors="0" timestamp="13 Jan 2019 05:58:38 GMT" skipped="0">
  <testcase classname="MercuryDemoTours.Bubbly" name="Hai" time="13.807"/>
</testsuite> <!-- MercuryDemoTours.Bubbly -->
