<?xml version="1.0" encoding="UTF-8"?>
<!-- Generated by org.testng.reporters.JUnitReportReporter -->
<testsuite hostname="sudhakar-PC" failures="0" tests="1" name="visali2.selectflight3" time="44.586" errors="0" timestamp="22 Jan 2019 12:05:56 GMT" skipped="0">
  <testcase classname="visali2.selectflight3" name="allmethods" time="44.586"/>
</testsuite> <!-- visali2.selectflight3 -->
