<?xml version="1.0" encoding="UTF-8"?>
<!-- Generated by org.testng.reporters.JUnitReportReporter -->
<testsuite hostname="sudhakar-PC" failures="0" tests="1" name="sudha5.selectflight" time="43.473" errors="0" timestamp="23 Jan 2019 04:37:29 GMT" skipped="0">
  <testcase classname="sudha5.selectflight" name="allMethods" time="43.473"/>
</testsuite> <!-- sudha5.selectflight -->
