<?xml version="1.0" encoding="UTF-8"?>
<!-- Generated by org.testng.reporters.JUnitReportReporter -->
<testsuite hostname="sudhakar-PC" failures="0" tests="1" name="visali2.flightpage2" time="54.180" errors="0" timestamp="22 Jan 2019 12:12:58 GMT" skipped="0">
  <testcase classname="visali2.flightpage2" name="allmethods" time="54.180"/>
</testsuite> <!-- visali2.flightpage2 -->
