<?xml version="1.0" encoding="UTF-8"?>
<!-- Generated by org.testng.reporters.JUnitReportReporter -->
<testsuite hostname="sudhakar-PC" failures="0" tests="1" name="DataProviderTest.Test5" time="55.558" errors="0" timestamp="26 Jan 2019 05:04:43 GMT" skipped="0">
  <testcase classname="DataProviderTest.Test5" name="callallmethods" time="55.558"/>
</testsuite> <!-- DataProviderTest.Test5 -->
