<?xml version="1.0" encoding="UTF-8"?>
<!-- Generated by org.testng.reporters.JUnitReportReporter -->
<testsuite hostname="sudhakar-PC" failures="0" tests="1" name="Visali1.Automation_SignInPage" time="19.876" errors="0" timestamp="22 Jan 2019 03:19:44 GMT" skipped="0">
  <testcase classname="Visali1.Automation_SignInPage" name="allmethods" time="19.876"/>
</testsuite> <!-- Visali1.Automation_SignInPage -->
