<?xml version="1.0" encoding="UTF-8"?>
<!-- Generated by org.testng.reporters.JUnitReportReporter -->
<testsuite hostname="sudhakar-PC" failures="0" tests="1" name="MercuryDemoTours.DriverTest123" time="124.057" errors="0" timestamp="26 Jan 2019 00:57:49 GMT" skipped="0">
  <testcase classname="MercuryDemoTours.DriverTest123" name="main" time="124.057"/>
</testsuite> <!-- MercuryDemoTours.DriverTest123 -->
