<?xml version="1.0" encoding="UTF-8"?>
<!-- Generated by org.testng.reporters.JUnitReportReporter -->
<testsuite hostname="sudhakar-PC" failures="0" tests="1" name="Sudha2.AccountCreationPage" time="49.129" errors="0" timestamp="22 Jan 2019 06:13:33 GMT" skipped="0">
  <testcase classname="Sudha2.AccountCreationPage" name="allmethods" time="49.129"/>
</testsuite> <!-- Sudha2.AccountCreationPage -->
