<?xml version="1.0" encoding="UTF-8"?>
<!-- Generated by org.testng.reporters.JUnitReportReporter -->
<testsuite hostname="sudhakar-PC" failures="0" tests="1" name="MercuryDemoTours.Bubbly3" time="40.863" errors="0" timestamp="13 Jan 2019 03:21:02 GMT" skipped="0">
  <testcase classname="MercuryDemoTours.Bubbly3" name="Hai" time="40.863"/>
</testsuite> <!-- MercuryDemoTours.Bubbly3 -->
