<?xml version="1.0" encoding="UTF-8"?>
<!-- Generated by org.testng.reporters.JUnitReportReporter -->
<testsuite hostname="sudhakar-PC" failures="0" tests="1" name="MercuryDemoTours.Bubbly2" time="34.613" errors="0" timestamp="13 Jan 2019 10:46:03 GMT" skipped="0">
  <testcase classname="MercuryDemoTours.Bubbly2" name="Hai" time="34.613"/>
</testsuite> <!-- MercuryDemoTours.Bubbly2 -->
